[2014-11-11 17:30:06] START
[2014-11-11 17:34:54] EDIT payme/models/db_friends.py: 4
[2014-11-11 17:34:59] EDIT payme/models/db_friends.py: 0
[2014-11-11 17:35:04] EDIT payme/models/db_friends.py: 0
[2014-11-11 17:36:05] EDIT payme/controllers/default.py: 0
[2014-11-11 17:40:25] EDIT payme/models/db_friends.py: 1
[2014-11-11 17:41:31] EDIT payme/models/db_friends.py: 1
[2014-11-11 17:43:55] EDIT payme/views/default/home.html: 0
[2014-11-11 17:44:40] EDIT payme/views/default/home.html: 0
[2014-11-11 17:44:54] EDIT payme/views/default/wall.html: 0
[2014-11-11 17:45:43] EDIT payme/views/default/wall.html: 0
[2014-11-11 17:46:07] EDIT payme/views/default/wall.html: 0
[2014-11-11 17:49:37] EDIT payme/views/default/wall.html: 0
[2014-11-11 17:50:29] EDIT payme/views/default/wall.html: 0
[2014-11-11 17:50:42] EDIT payme/views/default/wall.html: 0
[2014-11-11 17:50:50] EDIT payme/views/default/wall.html: 0
[2014-11-11 17:50:59] EDIT payme/views/default/wall.html: 0
[2014-11-11 18:00:11] EDIT payme/views/default/friends.html: 1
[2014-11-11 19:24:06] EDIT payme/views/default/wall.html: 0
[2014-11-11 19:25:50] EDIT payme/views/default/home.html: 0
[2014-11-11 19:30:03] EDIT payme/views/default/wall.html: 0
[2014-11-11 19:31:45] EDIT payme/models/db_friends.py: 4
[2014-11-11 19:32:27] EDIT payme/models/db_friends.py: 1
[2014-11-11 19:34:13] EDIT payme/models/db_friends.py: 0
[2014-11-11 19:35:06] EDIT payme/controllers/default.py: 0
[2014-11-11 19:36:19] EDIT payme/controllers/default.py: 0
[2014-11-11 19:44:11] EDIT payme/controllers/default.py: 0
[2014-11-11 19:55:02] EDIT payme/controllers/default.py: 0
[2014-11-11 19:55:32] EDIT payme/controllers/default.py: 0
[2014-11-11 20:21:58] EDIT payme/controllers/default.py: 7
[2014-11-11 20:22:11] EDIT payme/controllers/default.py: 0
[2014-11-11 20:22:38] EDIT payme/controllers/default.py: 0
[2014-11-11 20:23:25] EDIT payme/controllers/default.py: 0
[2014-11-11 20:24:38] CREATE default/charges.html: 0
[2014-11-11 20:26:04] EDIT payme/views/default/charges.html: 7
[2014-11-11 20:42:04] EDIT payme/controllers/default.py: 0
[2014-11-11 20:45:35] EDIT payme/models/menu.py: 1
[2014-11-11 20:46:25] EDIT payme/models/menu.py: 0
[2014-11-11 20:50:19] EDIT payme/views/default/charges.html: 0
[2014-11-11 20:50:45] EDIT payme/views/default/home.html: 0
[2014-11-11 20:51:12] EDIT payme/views/default/home.html: 0
[2014-11-11 20:52:05] EDIT payme/views/default/home.html: 0
[2014-11-11 20:52:24] EDIT payme/views/default/home.html: 0
[2014-11-11 20:53:28] EDIT payme/controllers/default.py: 0
[2014-11-11 20:55:28] EDIT payme/models/db_friends.py: 0
[2014-11-11 20:56:00] EDIT payme/models/db_friends.py: 0
[2014-11-11 20:56:14] EDIT payme/models/menu.py: 0
[2014-11-11 20:57:09] EDIT payme/controllers/default.py: 0
[2014-11-11 21:05:46] EDIT payme/models/db_friends.py: 0
[2014-11-11 21:05:51] EDIT payme/models/db_friends.py: 0
[2014-11-11 21:06:27] EDIT payme/models/db_friends.py: 0
[2014-11-11 21:07:01] EDIT payme/models/db_friends.py: 0
[2014-11-11 21:08:04] EDIT payme/models/db_friends.py: 0
[2014-11-11 21:09:05] EDIT payme/controllers/default.py: 0
[2014-11-11 22:19:54] EDIT payme/controllers/default.py: 0
[2014-11-11 22:31:09] EDIT payme/controllers/default.py: 0
[2014-11-11 22:31:33] EDIT payme/controllers/default.py: 2
[2014-11-11 22:32:03] EDIT payme/views/default/charges.html: 0
[2014-11-11 22:32:08] EDIT payme/views/default/home.html: 0
[2014-11-11 22:32:12] EDIT payme/models/db_friends.py: 0
[2014-11-11 22:32:14] EDIT payme/models/menu.py: 0
[2014-11-11 22:55:09] EDIT payme/controllers/default.py: 0
[2014-11-11 22:56:26] EDIT payme/models/db_friends.py: 0
[2014-11-11 22:56:56] EDIT payme/models/db_friends.py: 0
[2014-11-11 23:02:30] EDIT payme/models/db_friends.py: 0
[2014-11-11 23:43:52] EDIT payme/models/db_friends.py: 0
[2014-11-13 13:41:19] EDIT payme/models/db_friends.py: 5
[2014-11-13 13:41:42] EDIT payme/models/db_friends.py: -1
[2014-11-13 13:41:49] EDIT payme/models/db_friends.py: 1
[2014-11-13 13:42:47] EDIT payme/models/db_friends.py: 0
[2014-11-13 13:43:36] EDIT payme/models/db_friends.py: 0
[2014-11-13 13:44:47] EDIT payme/models/db_friends.py: 0
[2014-11-13 13:49:44] EDIT payme/views/default/home.html: 0
[2014-11-13 13:51:35] EDIT payme/views/default/home.html: 0
[2014-11-13 13:51:51] EDIT payme/views/default/home.html: 0
[2014-11-13 13:52:14] EDIT payme/views/default/home.html: 0
[2014-11-13 13:53:48] EDIT payme/views/default/home.html: 1
[2014-11-13 13:56:09] EDIT payme/views/default/home.html: 0
[2014-11-13 13:59:33] EDIT payme/views/default/home.html: 1
[2014-11-13 14:00:53] EDIT payme/views/default/home.html: 0
[2014-11-13 14:00:56] EDIT payme/views/default/home.html: 0
[2014-11-13 14:01:01] EDIT payme/views/default/home.html: -1
[2014-11-13 14:02:04] EDIT payme/views/default/home.html: 0
[2014-11-13 14:02:51] EDIT payme/views/default/home.html: 0
[2014-11-13 14:06:35] EDIT payme/views/default/home.html: 1
[2014-11-13 14:06:48] EDIT payme/views/default/home.html: 0
[2014-11-13 14:07:15] EDIT payme/views/default/home.html: 0
[2014-11-13 14:09:43] EDIT payme/models/db_friends.py: -4
[2014-11-13 14:11:24] EDIT payme/views/default/charges.html: 2
[2014-11-13 14:11:38] EDIT payme/views/default/wall.html: 2
[2014-11-13 16:13:16] EDIT paymeV2/models/db_friends.py: 0
[2014-11-13 22:22:52] EDIT paymeV2/views/default/friends.html: 0
[2014-11-18 16:39:32] EDIT paymeV2/views/default/friends.html: 0
[2014-11-18 16:46:08] EDIT paymeV2/models/menu.py: 0
[2014-11-18 16:46:37] EDIT paymeV2/models/menu.py: 0
[2014-11-18 16:46:53] EDIT paymeV2/models/menu.py: 0
[2014-11-18 16:52:38] EDIT paymeV2/controllers/default.py: 0
[2014-11-18 16:57:21] EDIT paymeV2/controllers/default.py: 1
[2014-11-18 16:58:05] EDIT paymeV2/controllers/default.py: 0
[2014-11-18 16:58:41] EDIT paymeV2/controllers/default.py: 0
[2014-11-18 17:00:20] EDIT paymeV2/controllers/default.py: 0
[2014-11-18 17:00:55] EDIT paymeV2/controllers/default.py: 0
[2014-11-18 17:00:59] EDIT paymeV2/controllers/default.py: 0
[2014-11-18 17:04:38] EDIT paymeV2/controllers/default.py: 0
[2014-11-18 17:05:14] EDIT paymeV2/controllers/default.py: 0
[2014-11-18 17:05:55] EDIT paymeV2/controllers/default.py: 0
[2014-11-18 17:06:45] EDIT paymeV2/controllers/default.py: 1
[2014-11-18 17:07:47] EDIT paymeV2/views/default/home.html: 3
[2014-11-18 17:11:01] EDIT paymeV2/controllers/default.py: 0
[2014-11-18 17:13:26] EDIT paymeV2/models/db_friends.py: 0
[2014-11-18 17:16:35] EDIT paymeV2/models/db_friends.py: 0
[2014-11-18 17:24:16] EDIT paymeV2/views/default/home.html: 1
[2014-11-18 17:24:31] EDIT paymeV2/views/default/home.html: 0
[2014-11-18 17:24:48] EDIT paymeV2/views/default/home.html: 0
[2014-11-18 17:25:11] EDIT paymeV2/views/default/home.html: 1
[2014-11-18 17:25:36] EDIT paymeV2/views/default/home.html: 0
[2014-11-18 17:25:52] EDIT paymeV2/views/default/home.html: 0
[2014-11-18 17:27:18] EDIT paymeV2/views/default/home.html: 0
[2014-11-18 17:28:00] EDIT paymeV2/views/default/home.html: 0
[2014-11-18 17:28:28] EDIT paymeV2/views/default/home.html: 0
[2014-11-18 17:31:00] EDIT paymeV2/views/default/home.html: 0
[2014-11-23 22:28:48] EDIT paymeV2/models/db_friends.py: 0
[2014-11-24 14:25:02] EDIT PayMe/models/db_friends.py: 0
[2014-11-24 14:27:01] EDIT PayMe/models/db_friends.py: 0
[2014-11-24 14:28:43] EDIT PayMe/controllers/default.py: 0
[2014-11-24 14:30:21] EDIT PayMe/controllers/default.py: 1
[2014-11-24 14:30:28] EDIT PayMe/controllers/default.py: 0
[2014-11-24 14:30:48] EDIT PayMe/controllers/default.py: 0
[2014-11-24 14:31:56] EDIT PayMe/controllers/default.py: 0
[2014-11-24 14:32:02] EDIT PayMe/controllers/default.py: 0
[2014-11-24 14:32:07] EDIT PayMe/controllers/default.py: 0
[2014-11-24 14:32:20] EDIT PayMe/controllers/default.py: 0
[2014-11-24 14:32:36] EDIT PayMe/controllers/default.py: 0
[2014-11-24 14:38:08] EDIT PayMe/views/default/user.html: 0
[2014-11-24 14:39:04] EDIT PayMe/views/default/user.html: 0
[2014-11-24 14:41:19] EDIT PayMe/views/default/home.html: -12
[2014-11-24 14:41:31] EDIT PayMe/views/default/charges.html: 12
[2014-11-24 14:41:54] EDIT PayMe/views/default/charges.html: 0
[2014-11-24 14:42:18] EDIT PayMe/views/default/charges.html: 1
[2014-11-24 14:44:15] EDIT PayMe/views/default/charges.html: 0
[2014-11-24 14:45:10] EDIT PayMe/views/default/charges.html: 1
[2014-11-24 14:45:35] EDIT PayMe/views/default/charges.html: -12
[2014-11-24 14:47:20] EDIT PayMe/models/menu.py: 0
[2014-11-24 14:49:19] EDIT PayMe/views/default/friends.html: 10
[2014-11-24 14:50:11] EDIT PayMe/views/default/friends.html: 1
[2014-11-24 14:53:38] EDIT PayMe/controllers/default.py: 9
[2014-11-24 14:56:05] EDIT PayMe/controllers/default.py: 0
[2014-11-24 14:57:16] EDIT PayMe/controllers/default.py: 2
[2014-11-24 14:58:19] EDIT PayMe/controllers/default.py: -2
[2014-11-24 14:58:53] EDIT PayMe/controllers/default.py: 0
[2014-11-24 14:59:07] EDIT PayMe/controllers/default.py: -9
[2014-11-24 14:59:45] EDIT PayMe/controllers/default.py: 0
[2014-11-24 15:00:13] EDIT PayMe/controllers/default.py: 0
[2014-11-24 15:04:16] EDIT PayMe/views/default/friends.html: -11
[2014-11-24 15:04:35] EDIT PayMe/views/default/friends.html: 1
[2014-11-24 15:06:12] EDIT PayMe/controllers/default.py: 9
[2014-11-24 15:07:04] EDIT PayMe/controllers/default.py: 0
[2014-11-24 15:07:08] EDIT PayMe/views/default/friends.html: 10
[2014-11-24 15:09:09] EDIT PayMe/views/default/friends.html: -10
[2014-11-24 15:18:53] EDIT PayMe/views/layout.html: 0
[2014-11-24 15:19:49] EDIT PayMe/controllers/default.py: -9
[2014-11-25 16:03:39] EDIT paymev3/views/default/charges.html: 4
[2014-11-25 16:04:03] EDIT paymev3/views/default/charges.html: 0
[2014-11-25 16:04:18] EDIT paymev3/views/default/charges.html: 0
[2014-11-25 16:04:38] EDIT paymev3/views/default/charges.html: 0
[2014-11-25 16:04:47] EDIT paymev3/views/default/charges.html: 0
[2014-11-25 16:05:22] EDIT paymev3/views/default/charges.html: 0
[2014-11-25 16:06:45] EDIT paymev3/controllers/default.py: 4
[2014-11-25 16:09:03] EDIT paymev3/controllers/default.py: 0
[2014-11-25 16:09:08] EDIT paymev3/controllers/default.py: 0
[2014-11-25 16:09:31] EDIT paymev3/controllers/default.py: 0
[2014-11-25 16:10:13] EDIT paymev3/controllers/default.py: 1
[2014-11-25 16:11:59] EDIT paymev3/views/default/charges.html: 6
[2014-11-25 16:14:07] EDIT paymev3/views/default/charges.html: 2
[2014-11-25 16:14:21] EDIT paymev3/views/default/charges.html: 0
[2014-11-25 16:17:58] EDIT paymev3/controllers/default.py: 0
[2014-11-25 16:18:15] EDIT paymev3/controllers/default.py: 0
[2014-11-25 16:19:00] EDIT paymev3/views/default/charges.html: 0
[2014-11-25 16:22:32] EDIT paymev3/views/default/charges.html: 0
[2014-11-25 16:24:40] EDIT paymev3/views/default/charges.html: 4
[2014-11-25 16:25:14] EDIT paymev3/views/default/charges.html: 0
[2014-11-25 16:26:14] EDIT paymev3/views/default/charges.html: -1
[2014-11-25 16:29:04] EDIT paymev3/views/default/charges.html: 4
[2014-11-25 16:29:26] EDIT paymev3/views/default/charges.html: 0
[2014-11-25 16:30:30] EDIT paymev3/models/db_friends.py: 0
[2014-11-25 16:31:02] EDIT paymev3/models/db_friends.py: 0
[2014-11-25 16:32:01] EDIT paymev3/controllers/default.py: 0
[2014-11-25 16:33:15] EDIT paymev3/views/default/charges.html: 0
[2014-11-25 16:33:34] EDIT paymev3/controllers/default.py: 0
[2014-11-25 16:34:18] EDIT paymev3/views/default/friends.html: 0
[2014-11-25 16:36:21] EDIT paymev3/views/default/friends.html: 0
[2014-11-25 16:37:18] EDIT paymev3/controllers/default.py: 1
[2014-11-25 16:40:32] EDIT paymev3/views/default/search.html: 0
[2014-11-25 16:43:29] EDIT paymev3/views/default/charges.html: 0
[2014-11-25 16:47:44] EDIT paymev3/views/default/friends.html: 1
[2014-11-25 16:49:08] EDIT paymev3/views/default/friends.html: 0
[2014-11-25 16:54:27] EDIT paymev3/views/default/search.html: 0
[2014-11-29 11:49:12] EDIT paymev4/views/default/charges.html: 6
[2014-11-29 11:50:05] EDIT paymev4/views/default/charges.html: 1
[2014-11-29 11:52:42] EDIT paymev4/views/default/charges.html: -2
[2014-11-29 11:53:29] EDIT paymev4/views/default/charges.html: 0
[2014-11-29 13:47:41] EDIT paymev4/controllers/default.py: 0
[2014-11-29 13:48:51] EDIT paymev4/controllers/default.py: 0
[2014-11-29 13:50:24] EDIT paymev4/models/db_friends.py: 0
[2014-11-29 13:52:17] EDIT paymev4/models/db_friends.py: 0
[2014-11-29 13:54:51] EDIT paymev4/models/db_friends.py: 4
[2014-12-02 15:54:42] EDIT paymev4/models/db_friends.py: 1
[2014-12-02 15:54:50] EDIT paymev4/models/db_friends.py: 0
[2014-12-02 15:55:06] EDIT paymev4/models/db_friends.py: 0
[2014-12-02 16:45:22] EDIT paymev5/controllers/default.py: 1
[2014-12-02 16:45:36] EDIT paymev5/controllers/default.py: 0
[2014-12-02 16:45:42] EDIT paymev5/controllers/default.py: 0
[2014-12-02 16:46:04] EDIT paymev5/views/default/home.html: 12
[2014-12-02 16:46:29] EDIT paymev5/controllers/default.py: -1
[2014-12-02 16:46:42] EDIT paymev5/views/default/home.html: 0
[2014-12-02 16:47:45] EDIT paymev5/views/default/home.html: 0
[2014-12-02 16:47:54] EDIT paymev5/views/default/home.html: 0
[2014-12-02 16:49:08] EDIT paymev5/controllers/default.py: 1
[2014-12-02 16:50:10] EDIT paymev5/views/default/home.html: 0
[2014-12-02 16:52:28] EDIT paymev5/controllers/default.py: 0
[2014-12-02 16:52:37] EDIT paymev5/controllers/default.py: 0
[2014-12-02 16:52:50] EDIT paymev5/controllers/default.py: 0
[2014-12-02 16:54:21] EDIT paymev5/views/default/home.html: 5
[2014-12-02 16:54:34] EDIT paymev5/views/default/home.html: 0
[2014-12-02 16:54:46] EDIT paymev5/views/default/home.html: 2
[2014-12-02 16:54:47] EDIT paymev5/views/default/home.html: 0
[2014-12-02 16:55:48] EDIT paymev5/views/default/home.html: 7
[2014-12-02 16:57:18] EDIT paymev5/views/default/home.html: 0
[2014-12-02 16:58:38] EDIT paymev5/views/default/home.html: 0
[2014-12-02 16:58:51] EDIT paymev5/controllers/default.py: 4
[2014-12-02 16:59:07] EDIT paymev5/controllers/default.py: -1
[2014-12-02 16:59:52] EDIT paymev5/views/default/home.html: 0
[2014-12-02 17:00:31] EDIT paymev5/views/default/home.html: 0
[2014-12-02 17:00:35] EDIT paymev5/views/default/home.html: 0
[2014-12-02 17:01:28] EDIT paymev5/views/default/home.html: 1
[2014-12-02 17:02:42] EDIT paymev5/controllers/default.py: 1
[2014-12-02 17:03:15] EDIT paymev5/views/default/home.html: -1
[2014-12-02 17:03:41] EDIT paymev5/views/default/home.html: 1
[2014-12-02 17:03:51] EDIT paymev5/views/default/home.html: -1
[2014-12-02 17:03:53] EDIT paymev5/controllers/default.py: 0
[2014-12-02 17:04:22] EDIT paymev5/controllers/default.py: 0
[2014-12-02 17:04:44] EDIT paymev5/controllers/default.py: -1
[2014-12-02 17:04:47] EDIT paymev5/controllers/default.py: 0
[2014-12-02 17:05:16] EDIT paymev5/controllers/default.py: 0
[2014-12-02 17:05:19] EDIT paymev5/controllers/default.py: -1
[2014-12-02 17:06:00] EDIT paymev5/views/default/home.html: 1
[2014-12-02 17:06:13] EDIT paymev5/views/default/home.html: -1
[2014-12-02 17:07:03] EDIT paymev5/controllers/default.py: 1
[2014-12-02 17:07:14] EDIT paymev5/controllers/default.py: 0
[2014-12-02 17:08:55] EDIT paymev5/controllers/default.py: 0
[2014-12-02 17:09:00] EDIT paymev5/controllers/default.py: 0
[2014-12-02 17:09:27] EDIT paymev5/controllers/default.py: -1
[2014-12-02 17:09:39] EDIT paymev5/views/default/home.html: 1
[2014-12-02 17:10:01] EDIT paymev5/controllers/default.py: 0
[2014-12-02 17:10:59] EDIT paymev5/controllers/default.py: 0
[2014-12-02 17:11:18] EDIT paymev5/views/default/home.html: 0
[2014-12-02 17:12:10] EDIT paymev5/views/default/home.html: 1
[2014-12-02 17:12:24] EDIT paymev5/views/default/home.html: 0
[2014-12-02 17:12:27] EDIT paymev5/views/default/home.html: -2
[2014-12-02 17:12:38] EDIT paymev5/views/default/home.html: 0
[2014-12-02 17:12:44] EDIT paymev5/views/default/home.html: 0
[2014-12-02 17:13:04] EDIT paymev5/controllers/default.py: 0
[2014-12-02 17:13:06] EDIT paymev5/controllers/default.py: 0
[2014-12-02 17:13:20] EDIT paymev5/controllers/default.py: 0
[2014-12-02 17:13:36] EDIT paymev5/views/default/home.html: 1
[2014-12-02 17:14:18] EDIT paymev5/views/default/home.html: 0
[2014-12-02 17:15:10] EDIT paymev5/views/default/home.html: 1
[2014-12-02 17:15:40] EDIT paymev5/views/default/home.html: 0
[2014-12-02 17:16:37] EDIT paymev5/views/default/home.html: 0
[2014-12-02 17:17:19] EDIT paymev5/views/default/home.html: 0
[2014-12-02 17:17:28] EDIT paymev5/views/default/home.html: 1
[2014-12-02 17:18:09] EDIT paymev5/views/default/home.html: -2
[2014-12-02 17:18:22] EDIT paymev5/views/default/home.html: 0
[2014-12-02 17:18:51] EDIT paymev5/controllers/default.py: 2
[2014-12-02 17:21:47] EDIT paymev5/views/default/home.html: 0
[2014-12-02 17:22:08] EDIT paymev5/views/default/home.html: 1
[2014-12-02 17:22:19] EDIT paymev5/views/default/home.html: 0
[2014-12-02 17:23:04] EDIT paymev5/views/default/home.html: 0
[2014-12-02 17:25:34] EDIT paymev5/views/default/charges.html: 6
[2014-12-02 17:26:14] EDIT paymev5/views/default/charges.html: 0
[2014-12-02 17:26:31] EDIT paymev5/views/default/charges.html: 0
[2014-12-02 17:28:29] EDIT paymev5/views/default/charges.html: 0
[2014-12-02 17:28:56] EDIT paymev5/views/default/charges.html: 0
[2014-12-02 17:32:01] EDIT paymev5/views/default/charges.html: 0
[2014-12-02 17:39:04] EDIT paymev5/views/default/charges.html: -3
[2014-12-02 17:39:16] EDIT paymev5/views/default/charges.html: 0
[2014-12-02 17:39:32] EDIT paymev5/views/default/charges.html: 0
[2014-12-02 17:40:59] EDIT paymev5/views/default/charges.html: 0
[2014-12-02 17:41:42] EDIT paymev5/views/default/charges.html: 0
[2014-12-02 17:50:05] EDIT paymev5/views/default/charges.html: 0
[2014-12-02 18:04:26] EDIT paymev5/views/default/charges.html: 3
[2014-12-02 18:12:57] EDIT paymev5/views/default/charges.html: 1
[2014-12-02 18:19:19] EDIT paymev5/views/default/charges.html: 0
[2014-12-02 18:22:14] CREATE default/confirmation.html: 0
[2014-12-02 18:22:43] EDIT paymev5/views/default/home.html: -12
[2014-12-02 18:23:15] EDIT paymev5/views/default/confirmation.html: 1
[2014-12-02 18:23:18] EDIT paymev5/views/default/confirmation.html: 0
[2014-12-02 18:23:29] EDIT paymev5/views/default/confirmation.html: 1
[2014-12-02 18:24:13] EDIT paymev5/views/default/confirmation.html: 4
[2014-12-02 18:24:18] EDIT paymev5/views/default/confirmation.html: -1
[2014-12-02 18:24:53] EDIT paymev5/controllers/default.py: 2
[2014-12-02 18:25:04] EDIT paymev5/views/default/confirmation.html: -5
[2014-12-02 18:25:12] EDIT paymev5/views/default/confirmation.html: 2
[2014-12-02 18:25:17] EDIT paymev5/controllers/default.py: 0
[2014-12-02 18:28:15] EDIT paymev5/controllers/default.py: 5
[2014-12-02 18:28:20] EDIT paymev5/controllers/default.py: -1
[2014-12-02 18:29:14] EDIT paymev5/models/db_friends.py: 1
[2014-12-02 18:30:20] EDIT paymev5/controllers/default.py: 1
[2014-12-02 18:30:29] EDIT paymev5/models/db_friends.py: 0
[2014-12-02 18:30:51] EDIT paymev5/controllers/default.py: 0
[2014-12-02 18:31:06] EDIT paymev5/controllers/default.py: 0
[2014-12-02 18:31:14] EDIT paymev5/controllers/default.py: 0
[2014-12-02 18:31:23] EDIT paymev5/controllers/default.py: 0
[2014-12-02 18:32:40] EDIT paymev5/controllers/default.py: 1
[2014-12-02 18:34:31] EDIT paymev5/controllers/default.py: 0
[2014-12-02 18:36:28] EDIT paymev5/controllers/default.py: 1
[2014-12-02 18:36:52] EDIT paymev5/controllers/default.py: 0
[2014-12-02 18:36:59] EDIT paymev5/controllers/default.py: 0
[2014-12-02 18:37:43] EDIT paymev5/controllers/default.py: 0
[2014-12-02 18:41:00] EDIT paymev5/controllers/default.py: 0
[2014-12-02 18:41:08] EDIT paymev5/controllers/default.py: 1
[2014-12-02 18:41:19] EDIT paymev5/controllers/default.py: 0
[2014-12-02 18:42:19] EDIT paymev5/controllers/default.py: 0
[2014-12-02 18:42:29] EDIT paymev5/models/db_friends.py: 0
[2014-12-02 18:42:32] EDIT paymev5/controllers/default.py: 0
[2014-12-02 18:42:44] EDIT paymev5/views/default/charges.html: 0
[2014-12-02 18:42:59] EDIT paymev5/views/default/charges.html: 0
[2014-12-02 18:47:13] EDIT paymev5/controllers/default.py: -2
[2014-12-02 18:47:27] EDIT paymev5/controllers/default.py: 0
[2014-12-02 18:48:11] EDIT paymev5/views/default/confirmation.html: 0
[2014-12-02 18:49:23] EDIT paymev5/controllers/default.py: 0
[2014-12-02 18:50:20] EDIT paymev5/controllers/default.py: 0
[2014-12-02 18:50:27] EDIT paymev5/controllers/default.py: -1
[2014-12-02 18:56:54] EDIT paymev5/controllers/default.py: 1
[2014-12-02 18:57:03] EDIT paymev5/views/default/confirmation.html: 1
[2014-12-02 18:57:24] EDIT paymev5/controllers/default.py: 0
[2014-12-02 18:57:36] EDIT paymev5/controllers/default.py: 0
[2014-12-02 18:57:47] EDIT paymev5/controllers/default.py: 0
[2014-12-02 18:58:52] EDIT paymev5/views/default/confirmation.html: -1
[2014-12-02 19:04:56] EDIT paymev5/views/default/charges.html: 1
[2014-12-02 19:05:57] EDIT paymev5/controllers/default.py: 1
[2014-12-02 19:06:02] EDIT paymev5/views/default/confirmation.html: 1
[2014-12-02 19:06:07] EDIT paymev5/controllers/default.py: 0
[2014-12-02 19:08:34] EDIT paymev5/views/default/confirmation.html: 2
[2014-12-02 19:08:42] EDIT paymev5/views/default/confirmation.html: 0
[2014-12-02 19:08:51] EDIT paymev5/views/default/confirmation.html: 0
[2014-12-02 19:09:06] EDIT paymev5/views/default/confirmation.html: -2
[2014-12-02 19:09:16] EDIT paymev5/views/default/confirmation.html: 0
[2014-12-02 19:09:22] EDIT paymev5/views/default/confirmation.html: -1
[2014-12-02 19:35:16] EDIT paymev5/controllers/default.py: 1
[2014-12-02 19:36:14] EDIT paymev5/controllers/default.py: 0
[2014-12-02 19:37:50] EDIT paymev5/models/db_friends.py: 0
[2014-12-02 19:38:00] EDIT paymev5/controllers/default.py: -1
[2014-12-02 19:38:23] EDIT paymev5/models/db_friends.py: 0
[2014-12-02 19:38:49] EDIT paymev5/models/db_friends.py: 0
[2014-12-02 19:39:01] EDIT paymev5/models/db_friends.py: 0
[2014-12-02 19:39:10] EDIT paymev5/models/db_friends.py: 0
[2014-12-02 19:39:11] EDIT paymev5/models/db_friends.py: 0
[2014-12-02 19:40:13] EDIT paymev5/controllers/default.py: 1
[2014-12-02 19:40:21] EDIT paymev5/controllers/default.py: 0
[2014-12-02 19:40:25] EDIT paymev5/controllers/default.py: 0
[2014-12-02 19:40:41] EDIT paymev5/controllers/default.py: 0
[2014-12-02 19:40:52] EDIT paymev5/controllers/default.py: 0
[2014-12-02 19:41:07] EDIT paymev5/controllers/default.py: -1
[2014-12-02 19:41:20] EDIT paymev5/controllers/default.py: 0
[2014-12-02 19:43:08] EDIT paymev5/models/db_friends.py: 0
[2014-12-02 19:43:26] EDIT paymev5/models/db_friends.py: 0
[2014-12-02 19:43:39] EDIT paymev5/models/db_friends.py: 0
[2014-12-02 19:44:51] EDIT paymev5/controllers/default.py: 1
[2014-12-02 19:44:54] EDIT paymev5/controllers/default.py: 0
[2014-12-02 19:45:04] EDIT paymev5/views/default/home.html: 1
[2014-12-02 19:45:24] EDIT paymev5/models/db_friends.py: 0
[2014-12-02 19:46:08] EDIT paymev5/controllers/default.py: 1
[2014-12-02 19:46:15] EDIT paymev5/views/default/home.html: 1
[2014-12-02 19:46:56] EDIT paymev5/controllers/default.py: 2
[2014-12-02 19:47:01] EDIT paymev5/controllers/default.py: 0
[2014-12-02 19:48:14] EDIT paymev5/controllers/default.py: 1
[2014-12-02 19:48:57] EDIT paymev5/controllers/default.py: 0
[2014-12-02 19:49:09] EDIT paymev5/controllers/default.py: 0
[2014-12-02 19:49:19] EDIT paymev5/controllers/default.py: -1
[2014-12-02 19:49:50] EDIT paymev5/controllers/default.py: 0
[2014-12-02 19:50:05] EDIT paymev5/controllers/default.py: 0
[2014-12-02 19:56:35] EDIT paymev5/views/default/home.html: 4
[2014-12-02 19:56:44] EDIT paymev5/views/default/home.html: 0
[2014-12-02 19:56:58] EDIT paymev5/views/default/home.html: 0
[2014-12-02 19:57:19] EDIT paymev5/views/default/home.html: 0
[2014-12-02 19:57:25] EDIT paymev5/views/default/home.html: 0
[2014-12-02 19:57:57] EDIT paymev5/views/default/home.html: 0
[2014-12-02 19:58:07] EDIT paymev5/views/default/home.html: 0
[2014-12-02 19:58:13] EDIT paymev5/views/default/home.html: 1
[2014-12-02 19:58:27] EDIT paymev5/views/default/home.html: 0
[2014-12-02 19:58:34] EDIT paymev5/views/default/home.html: 0
[2014-12-02 19:58:45] EDIT paymev5/views/default/home.html: 0
[2014-12-02 20:04:48] EDIT paymev5/models/db_friends.py: 0
[2014-12-02 20:04:55] EDIT paymev5/models/db_friends.py: 0
[2014-12-02 20:04:57] EDIT paymev5/models/db_friends.py: 0
[2014-12-02 20:05:03] EDIT paymev5/models/db_friends.py: 0
[2014-12-02 20:05:15] EDIT paymev5/models/db_friends.py: 0
[2014-12-02 20:05:42] EDIT paymev5/models/db_friends.py: 0
[2014-12-02 20:05:56] EDIT paymev5/models/db_friends.py: 0
[2014-12-02 20:06:06] EDIT paymev5/models/db_friends.py: 0
[2014-12-02 20:06:15] EDIT paymev5/models/db_friends.py: 0
[2014-12-02 20:06:27] EDIT paymev5/models/db_friends.py: 0
[2014-12-02 20:06:44] EDIT paymev5/models/db_friends.py: 0
[2014-12-02 20:06:47] EDIT paymev5/models/db_friends.py: 0
[2014-12-02 20:07:13] EDIT paymev5/controllers/default.py: 1
[2014-12-02 20:07:18] EDIT paymev5/controllers/default.py: 0
[2014-12-02 20:07:22] EDIT paymev5/views/default/home.html: 0
[2014-12-02 20:08:35] EDIT paymev5/models/db_friends.py: 0
[2014-12-02 20:08:56] EDIT paymev5/models/db_friends.py: 0
[2014-12-02 20:08:58] EDIT paymev5/models/db_friends.py: 0
[2014-12-02 20:09:06] EDIT paymev5/models/db_friends.py: 0
[2014-12-02 20:12:44] EDIT paymev5/models/db_friends.py: 0
[2014-12-02 20:12:52] EDIT paymev5/models/db_friends.py: 0
[2014-12-02 20:12:57] EDIT paymev5/models/db_friends.py: 0
[2014-12-02 20:14:53] EDIT paymev5/controllers/default.py: 0
[2014-12-02 20:37:06] EDIT paymev5/views/default/confirmation.html: 13
[2014-12-02 20:37:21] EDIT paymev5/views/default/confirmation.html: 0
[2014-12-02 20:37:28] EDIT paymev5/views/default/confirmation.html: 0
[2014-12-02 20:37:55] EDIT paymev5/views/default/confirmation.html: -2
[2014-12-02 20:38:24] EDIT paymev5/views/default/confirmation.html: 2
[2014-12-02 20:38:29] EDIT paymev5/views/default/confirmation.html: 1
[2014-12-02 20:38:41] EDIT paymev5/views/default/confirmation.html: 1
[2014-12-02 20:38:44] EDIT paymev5/views/default/confirmation.html: 0
[2014-12-02 20:39:06] EDIT paymev5/views/default/confirmation.html: -1
[2014-12-02 20:39:20] EDIT paymev5/views/default/confirmation.html: 0
[2014-12-02 20:39:26] EDIT paymev5/views/default/confirmation.html: 0
[2014-12-02 22:06:13] EDIT paymev5/views/default/confirmation.html: -15
[2014-12-02 22:06:40] EDIT paymev5/controllers/default.py: -5
[2014-12-02 22:07:36] EDIT paymev5/views/default/home.html: -15
[2014-12-02 22:07:56] EDIT paymev5/controllers/default.py: -1
[2014-12-03 13:59:25] EDIT paymev6/views/default/search.html: 0
[2014-12-03 13:59:47] EDIT paymev6/views/default/search.html: 0
[2014-12-03 14:18:06] EDIT paymev6/controllers/default.py: -1
[2014-12-03 14:18:46] EDIT paymev6/controllers/default.py: -1
[2014-12-03 14:19:08] EDIT paymev6/controllers/default.py: 0
[2014-12-04 16:22:06] EDIT paymev7/views/default/home.html: 0
[2014-12-04 16:22:16] EDIT paymev7/views/default/home.html: 0
[2014-12-04 16:23:04] EDIT paymev7/views/default/home.html: 0
[2014-12-04 16:23:18] EDIT paymev7/views/default/home.html: 1
[2014-12-04 16:34:24] EDIT paymev7/controllers/default.py: 1
[2014-12-04 16:41:14] EDIT paymev7/controllers/default.py: 3
[2014-12-04 16:44:07] EDIT paymev7/views/default/friends.html: 2
[2014-12-04 16:44:23] EDIT paymev7/views/default/friends.html: 0
[2014-12-04 16:49:52] EDIT paymev7/controllers/default.py: 1
[2014-12-04 16:50:34] EDIT paymev7/controllers/default.py: 0
[2014-12-04 16:53:05] EDIT paymev7/views/default/friends.html: 2
[2014-12-04 16:53:59] EDIT paymev7/views/default/friends.html: 1
[2014-12-04 16:56:33] EDIT paymev7/controllers/default.py: 3
[2014-12-04 16:57:17] EDIT paymev7/views/default/search.html: 1
[2014-12-04 16:59:25] EDIT paymev7/controllers/default.py: 0
[2014-12-04 16:59:52] EDIT paymev7/controllers/default.py: 0
[2014-12-04 17:00:08] EDIT paymev7/controllers/default.py: 0
[2014-12-04 17:00:15] EDIT paymev7/controllers/default.py: 0
[2014-12-04 17:00:40] EDIT paymev7/controllers/default.py: 0
[2014-12-04 17:02:16] EDIT paymev7/controllers/default.py: 2
[2014-12-04 17:02:27] EDIT paymev7/controllers/default.py: 0
[2014-12-04 17:02:52] EDIT paymev7/controllers/default.py: 0
[2014-12-04 17:06:47] EDIT paymev7/models/db_friends.py: 0
[2014-12-04 17:11:08] EDIT paymev7/controllers/default.py: 0
[2014-12-04 17:12:29] EDIT paymev7/controllers/default.py: 0
[2014-12-04 17:12:45] EDIT paymev7/controllers/default.py: 0
[2014-12-04 17:12:58] EDIT paymev7/controllers/default.py: 0
[2014-12-04 17:13:11] EDIT paymev7/controllers/default.py: 0
[2014-12-04 17:13:17] EDIT paymev7/controllers/default.py: 0
[2014-12-04 17:13:41] EDIT paymev7/controllers/default.py: 0
[2014-12-04 17:21:28] EDIT paymev7/controllers/default.py: -1
[2014-12-04 17:21:54] EDIT paymev7/controllers/default.py: 0
[2014-12-04 17:22:04] EDIT paymev7/controllers/default.py: 0
[2014-12-04 17:23:57] EDIT paymev7/controllers/default.py: 0
[2014-12-04 17:24:56] EDIT paymev7/controllers/default.py: 2
[2014-12-04 17:26:09] EDIT paymev7/views/default/search.html: 2
[2014-12-04 17:26:39] EDIT paymev7/views/default/search.html: 0
[2014-12-04 17:27:18] EDIT paymev7/views/default/search.html: 0
[2014-12-04 17:28:28] EDIT paymev7/controllers/default.py: -5
[2014-12-04 17:28:43] EDIT paymev7/controllers/default.py: 0
[2014-12-04 17:29:48] EDIT paymev7/views/default/search.html: 2
[2014-12-04 17:32:53] EDIT paymev7/controllers/default.py: 0
[2014-12-04 17:38:29] EDIT paymev7/controllers/default.py: 6
[2014-12-04 17:40:51] EDIT paymev7/controllers/default.py: -1
[2014-12-04 17:41:13] EDIT paymev7/controllers/default.py: 0
[2014-12-04 17:41:47] EDIT paymev7/controllers/default.py: 1
[2014-12-04 17:42:06] EDIT paymev7/controllers/default.py: 0
[2014-12-04 17:42:45] EDIT paymev7/controllers/default.py: 0
[2014-12-04 17:42:50] EDIT paymev7/controllers/default.py: 0
[2014-12-04 17:44:29] EDIT paymev7/models/db_friends.py: 0
[2014-12-04 17:47:04] EDIT paymev7/controllers/default.py: 0
[2014-12-04 17:47:11] EDIT paymev7/controllers/default.py: 0
[2014-12-04 17:47:49] EDIT paymev7/controllers/default.py: 2
[2014-12-04 17:48:00] EDIT paymev7/controllers/default.py: 0
[2014-12-04 17:49:16] EDIT paymev7/models/db_friends.py: 0
[2014-12-04 17:50:09] EDIT paymev7/views/default/home.html: 1
[2014-12-04 17:50:18] EDIT paymev7/views/default/home.html: 0
[2014-12-04 17:50:54] EDIT paymev7/views/default/home.html: 0
[2014-12-04 17:56:02] EDIT paymev7/controllers/default.py: -1
[2014-12-04 18:05:40] EDIT paymev7/views/default/friends.html: 11
[2014-12-04 18:08:37] EDIT paymev7/views/default/friends.html: 0
[2014-12-04 18:16:20] EDIT paymev7/views/default/friends.html: 0
[2014-12-04 18:21:50] EDIT paymev7/controllers/default.py: 1
[2014-12-04 18:22:26] EDIT paymev7/controllers/default.py: 0
[2014-12-04 18:22:39] EDIT paymev7/controllers/default.py: 0
[2014-12-04 18:23:28] EDIT paymev7/controllers/default.py: 0
[2014-12-04 18:25:28] EDIT paymev7/views/default/friends.html: 9
[2014-12-04 18:25:59] EDIT paymev7/views/default/search.html: 0
[2014-12-04 18:26:23] EDIT paymev7/views/default/search.html: 0
[2014-12-04 18:27:00] EDIT paymev7/views/default/friends.html: 0
[2014-12-04 18:29:18] EDIT paymev7/views/default/friends.html: 0
[2014-12-04 18:31:20] EDIT paymev7/controllers/default.py: 0
[2014-12-04 18:35:02] EDIT paymev7/controllers/default.py: 0
[2014-12-04 18:37:53] EDIT paymev7/views/default/friends.html: 0
[2014-12-04 18:39:31] EDIT paymev7/controllers/default.py: 0
[2014-12-04 18:40:22] EDIT paymev7/views/default/friends.html: 1
[2014-12-04 18:42:06] EDIT paymev7/views/default/friends.html: 2
[2014-12-04 18:43:11] EDIT paymev7/controllers/default.py: 0
[2014-12-04 18:43:32] EDIT paymev7/views/default/friends.html: -2
[2014-12-04 18:44:19] EDIT paymev7/views/default/friends.html: 1
[2014-12-04 18:45:04] EDIT paymev7/views/default/friends.html: 0
[2014-12-04 18:47:11] EDIT paymev7/views/layout.html: -3
[2014-12-04 18:49:02] EDIT paymev7/views/layout.html: 6
[2014-12-04 18:50:15] EDIT paymev7/views/layout.html: 1
[2014-12-04 18:50:54] EDIT paymev7/views/default/charges.html: 0
[2014-12-04 18:51:31] EDIT paymev7/views/default/friends.html: -2
[2014-12-04 18:52:13] EDIT paymev7/views/default/home.html: 2
[2014-12-04 18:53:36] EDIT paymev7/views/default/search.html: 0
[2014-12-04 18:58:31] EDIT paymev7/views/default/search.html: 4
[2014-12-04 18:59:21] EDIT paymev7/views/default/search.html: 0
[2014-12-04 19:00:38] EDIT paymev7/views/default/search.html: 0
[2014-12-04 19:00:56] EDIT paymev7/views/default/search.html: 0
[2014-12-04 19:02:20] EDIT paymev7/views/default/search.html: 0
[2014-12-04 19:02:34] EDIT paymev7/views/default/search.html: 0
[2014-12-04 19:02:45] EDIT paymev7/views/default/search.html: 0
[2014-12-04 19:02:51] EDIT paymev7/views/default/search.html: 0
[2014-12-04 19:03:07] EDIT paymev7/views/default/search.html: 0
[2014-12-04 19:03:23] EDIT paymev7/views/default/search.html: 0
[2014-12-04 19:03:57] EDIT paymev7/views/default/search.html: 0
[2014-12-04 19:04:46] EDIT paymev7/views/default/search.html: 0
[2014-12-04 19:05:14] EDIT paymev7/views/default/search.html: 0
[2014-12-04 19:05:45] EDIT paymev7/views/default/search.html: 0
[2014-12-04 19:05:59] EDIT paymev7/views/default/search.html: 0
[2014-12-04 19:06:34] EDIT paymev7/controllers/default.py: 1
[2014-12-04 19:06:44] EDIT paymev7/controllers/default.py: 0
[2014-12-04 19:07:25] EDIT paymev7/controllers/default.py: 0
[2014-12-04 19:07:29] EDIT paymev7/views/default/search.html: 0
[2014-12-04 19:08:32] EDIT paymev7/views/default/search.html: 0
[2014-12-04 19:09:51] EDIT paymev7/views/default/charges.html: 0
[2014-12-04 19:14:00] EDIT paymev7/views/default/home.html: 3
[2014-12-04 19:28:27] UPLOAD C:/Users/Nick/Documents/2014 fall/cmps183/web2py/applications/paymeV7/private/paybutton.png: 21
[2014-12-04 19:29:56] EDIT paymev7/views/default/charges.html: 0
[2014-12-04 19:35:44] EDIT paymev7/views/default/charges.html: 0
[2014-12-04 19:37:18] EDIT paymev7/views/default/friends.html: 0
[2014-12-04 19:38:18] EDIT paymev7/views/default/friends.html: 0
[2014-12-04 19:39:12] EDIT paymev7/controllers/default.py: 0
[2014-12-05 13:59:34] EDIT paymev7/views/default/friends.html: 21
[2014-12-05 13:59:37] EDIT paymev7/controllers/default.py: 11
[2014-12-05 14:01:31] EDIT paymev7/views/default/friends.html: 0
[2014-12-05 14:02:50] EDIT paymev7/models/menu.py: 0
[2014-12-05 14:05:20] EDIT paymev7/views/default/friends.html: 8
[2014-12-05 14:07:58] EDIT paymev7/views/default/friends.html: 0
[2014-12-05 14:14:28] EDIT paymev7/views/default/friends.html: 0
[2014-12-05 14:15:19] EDIT paymev7/views/default/friends.html: 2
[2014-12-05 14:16:54] EDIT paymev7/views/default/friends.html: 0
[2014-12-05 14:18:34] EDIT paymev7/views/default/friends.html: 0
[2014-12-05 14:19:09] EDIT paymev7/views/default/friends.html: 0
[2014-12-05 14:20:53] EDIT paymev7/controllers/default.py: 0
[2014-12-05 14:23:39] EDIT paymev7/controllers/default.py: 3
[2014-12-05 14:24:22] EDIT paymev7/views/default/friends.html: 1
[2014-12-05 14:24:54] EDIT paymev7/controllers/default.py: 0
[2014-12-05 14:25:25] EDIT paymev7/controllers/default.py: 0
[2014-12-08 01:13:49] EDIT paymev7/views/default/friends.html: 2
[2014-12-08 01:14:29] EDIT paymev7/controllers/default.py: 0
[2014-12-08 01:16:10] EDIT paymev7/views/default/friends.html: 0
[2014-12-08 01:16:25] EDIT paymev7/views/default/friends.html: 0
[2014-12-08 01:16:45] EDIT paymev7/views/default/friends.html: -2
[2014-12-08 01:26:30] EDIT paymev7/views/default/home.html: 0
[2014-12-08 01:26:58] EDIT paymev7/views/default/home.html: -1
[2014-12-08 01:27:44] EDIT paymev7/models/db_friends.py: 0
[2014-12-18 01:23:31] EDIT paymeV7/views/layout.html: 33
[2014-12-18 01:23:53] EDIT paymeV7/views/layout.html: -33
